Der Buildvorgang wurde am 4/5/2013 1:50:12 PM gestartet.
Projekt "C:\Users\MHI\Documents\Visual Studio 2010\Projects\WarpingStereoVideo\WarpingStereoVideo.vcxproj" auf Knoten "2", build Ziel(e).
InitializeBuildStatus:
  "Debug\WarpingStereoVideo.unsuccessfulbuild" wird erstellt, da "AlwaysCreate" angegeben wurde.
ClCompile:
  C:\Program Files (x86)\Microsoft Visual Studio 10.0\VC\bin\CL.exe /c /Zi /nologo /W3 /WX- /Od /Oy- /D WIN32 /D _DEBUG /D _CONSOLE /Gm /EHsc /RTC1 /MDd /GS /fp:precise /Zc:wchar_t /Zc:forScope /Fo"Debug\\" /Fd"Debug\vc100.pdb" /Gd /TP /analyze- /errorReport:prompt DisparityMapBuilder.cpp ImageEditor.cpp ImageSaliencyDetector.cpp Main.cpp MotionDetector.cpp SaliencyMath.cpp stdafx.cpp StereoImage.cpp
  StereoImage.cpp
d:\dev\opencv\build\include\opencv2\flann\logger.h(66): warning C4996: 'fopen': This function or variable may be unsafe. Consider using fopen_s instead. To disable deprecation, use _CRT_SECURE_NO_WARNINGS. See online help for details.
          C:\Program Files (x86)\Microsoft Visual Studio 10.0\VC\include\stdio.h(234): Siehe Deklaration von 'fopen'
  stdafx.cpp
  SaliencyMath.cpp
d:\dev\opencv\build\include\opencv2\flann\logger.h(66): warning C4996: 'fopen': This function or variable may be unsafe. Consider using fopen_s instead. To disable deprecation, use _CRT_SECURE_NO_WARNINGS. See online help for details.
          C:\Program Files (x86)\Microsoft Visual Studio 10.0\VC\include\stdio.h(234): Siehe Deklaration von 'fopen'
  MotionDetector.cpp
d:\dev\opencv\build\include\opencv2\flann\logger.h(66): warning C4996: 'fopen': This function or variable may be unsafe. Consider using fopen_s instead. To disable deprecation, use _CRT_SECURE_NO_WARNINGS. See online help for details.
          C:\Program Files (x86)\Microsoft Visual Studio 10.0\VC\include\stdio.h(234): Siehe Deklaration von 'fopen'
  Main.cpp
d:\dev\opencv\build\include\opencv2\flann\logger.h(66): warning C4996: 'fopen': This function or variable may be unsafe. Consider using fopen_s instead. To disable deprecation, use _CRT_SECURE_NO_WARNINGS. See online help for details.
          C:\Program Files (x86)\Microsoft Visual Studio 10.0\VC\include\stdio.h(234): Siehe Deklaration von 'fopen'
Main.cpp(72): warning C4996: 'sprintf': This function or variable may be unsafe. Consider using sprintf_s instead. To disable deprecation, use _CRT_SECURE_NO_WARNINGS. See online help for details.
          C:\Program Files (x86)\Microsoft Visual Studio 10.0\VC\include\stdio.h(371): Siehe Deklaration von 'sprintf'
Main.cpp(73): warning C4996: 'strcat': This function or variable may be unsafe. Consider using strcat_s instead. To disable deprecation, use _CRT_SECURE_NO_WARNINGS. See online help for details.
          C:\Program Files (x86)\Microsoft Visual Studio 10.0\VC\include\string.h(110): Siehe Deklaration von 'strcat'
Main.cpp(130): warning C4244: 'Argument': Konvertierung von 'float' in 'int', möglicher Datenverlust
  ImageSaliencyDetector.cpp
d:\dev\opencv\build\include\opencv2\flann\logger.h(66): warning C4996: 'fopen': This function or variable may be unsafe. Consider using fopen_s instead. To disable deprecation, use _CRT_SECURE_NO_WARNINGS. See online help for details.
          C:\Program Files (x86)\Microsoft Visual Studio 10.0\VC\include\stdio.h(234): Siehe Deklaration von 'fopen'
ImageSaliencyDetector.cpp(35): warning C4244: 'Initialisierung': Konvertierung von 'double' in 'const int', möglicher Datenverlust
ImageSaliencyDetector.cpp(35): warning C4244: 'Initialisierung': Konvertierung von 'double' in 'const int', möglicher Datenverlust
ImageSaliencyDetector.cpp(35): warning C4244: 'Initialisierung': Konvertierung von 'double' in 'const int', möglicher Datenverlust
ImageSaliencyDetector.cpp(92): warning C4244: 'Initialisierung': Konvertierung von 'double' in 'int', möglicher Datenverlust
  ImageEditor.cpp
d:\dev\opencv\build\include\opencv2\flann\logger.h(66): warning C4996: 'fopen': This function or variable may be unsafe. Consider using fopen_s instead. To disable deprecation, use _CRT_SECURE_NO_WARNINGS. See online help for details.
          C:\Program Files (x86)\Microsoft Visual Studio 10.0\VC\include\stdio.h(234): Siehe Deklaration von 'fopen'
  DisparityMapBuilder.cpp
  Code wird generiert...
ManifestResourceCompile:
  C:\Program Files (x86)\Microsoft SDKs\Windows\v7.0A\bin\rc.exe /nologo /fo"Debug\WarpingStereoVideo.exe.embed.manifest.res" Debug\WarpingStereoVideo_manifest.rc 
Link:
  C:\Program Files (x86)\Microsoft Visual Studio 10.0\VC\bin\link.exe /ERRORREPORT:PROMPT /OUT:"C:\Users\MHI\Documents\Visual Studio 2010\Projects\WarpingStereoVideo\Debug\WarpingStereoVideo.exe" /INCREMENTAL /NOLOGO opencv_calib3d244d.lib opencv_contrib244d.lib opencv_core244d.lib opencv_features2d244d.lib opencv_flann244d.lib opencv_gpu244d.lib opencv_highgui244d.lib opencv_imgproc244d.lib opencv_legacy244d.lib opencv_ml244d.lib opencv_nonfree244d.lib opencv_objdetect244d.lib opencv_photo244d.lib opencv_stitching244d.lib opencv_ts244d.lib opencv_video244d.lib opencv_videostab244d.lib kernel32.lib user32.lib gdi32.lib winspool.lib comdlg32.lib advapi32.lib shell32.lib ole32.lib oleaut32.lib uuid.lib odbc32.lib odbccp32.lib kernel32.lib user32.lib gdi32.lib winspool.lib comdlg32.lib advapi32.lib shell32.lib ole32.lib oleaut32.lib uuid.lib odbc32.lib odbccp32.lib /MANIFEST /ManifestFile:"Debug\WarpingStereoVideo.exe.intermediate.manifest" /MANIFESTUAC:"level='asInvoker' uiAccess='false'" /DEBUG /PDB:"C:\Users\MHI\Documents\Visual Studio 2010\Projects\WarpingStereoVideo\Debug\WarpingStereoVideo.pdb" /SUBSYSTEM:CONSOLE /TLBID:1 /DYNAMICBASE /NXCOMPAT /IMPLIB:"C:\Users\MHI\Documents\Visual Studio 2010\Projects\WarpingStereoVideo\Debug\WarpingStereoVideo.lib" /MACHINE:X86 Debug\WarpingStereoVideo.exe.embed.manifest.res
  Debug\DisparityMapBuilder.obj
  Debug\ImageEditor.obj
  Debug\ImageSaliencyDetector.obj
  Debug\Main.obj
  Debug\MotionDetector.obj
  Debug\SaliencyMath.obj
  Debug\stdafx.obj
  Debug\StereoImage.obj
Manifest:
  C:\Program Files (x86)\Microsoft SDKs\Windows\v7.0A\bin\mt.exe /nologo /verbose /out:"Debug\WarpingStereoVideo.exe.embed.manifest" /manifest Debug\WarpingStereoVideo.exe.intermediate.manifest
  C:\Program Files (x86)\Microsoft SDKs\Windows\v7.0A\bin\rc.exe /nologo /fo"Debug\WarpingStereoVideo.exe.embed.manifest.res" Debug\WarpingStereoVideo_manifest.rc 
LinkEmbedManifest:
  C:\Program Files (x86)\Microsoft Visual Studio 10.0\VC\bin\link.exe /ERRORREPORT:PROMPT /OUT:"C:\Users\MHI\Documents\Visual Studio 2010\Projects\WarpingStereoVideo\Debug\WarpingStereoVideo.exe" /INCREMENTAL /NOLOGO opencv_calib3d244d.lib opencv_contrib244d.lib opencv_core244d.lib opencv_features2d244d.lib opencv_flann244d.lib opencv_gpu244d.lib opencv_highgui244d.lib opencv_imgproc244d.lib opencv_legacy244d.lib opencv_ml244d.lib opencv_nonfree244d.lib opencv_objdetect244d.lib opencv_photo244d.lib opencv_stitching244d.lib opencv_ts244d.lib opencv_video244d.lib opencv_videostab244d.lib kernel32.lib user32.lib gdi32.lib winspool.lib comdlg32.lib advapi32.lib shell32.lib ole32.lib oleaut32.lib uuid.lib odbc32.lib odbccp32.lib kernel32.lib user32.lib gdi32.lib winspool.lib comdlg32.lib advapi32.lib shell32.lib ole32.lib oleaut32.lib uuid.lib odbc32.lib odbccp32.lib /MANIFEST /ManifestFile:"Debug\WarpingStereoVideo.exe.intermediate.manifest" /MANIFESTUAC:"level='asInvoker' uiAccess='false'" /DEBUG /PDB:"C:\Users\MHI\Documents\Visual Studio 2010\Projects\WarpingStereoVideo\Debug\WarpingStereoVideo.pdb" /SUBSYSTEM:CONSOLE /TLBID:1 /DYNAMICBASE /NXCOMPAT /IMPLIB:"C:\Users\MHI\Documents\Visual Studio 2010\Projects\WarpingStereoVideo\Debug\WarpingStereoVideo.lib" /MACHINE:X86 Debug\WarpingStereoVideo.exe.embed.manifest.res
  Debug\DisparityMapBuilder.obj
  Debug\ImageEditor.obj
  Debug\ImageSaliencyDetector.obj
  Debug\Main.obj
  Debug\MotionDetector.obj
  Debug\SaliencyMath.obj
  Debug\stdafx.obj
  Debug\StereoImage.obj
  WarpingStereoVideo.vcxproj -> C:\Users\MHI\Documents\Visual Studio 2010\Projects\WarpingStereoVideo\Debug\WarpingStereoVideo.exe
FinalizeBuildStatus:
  Die Datei "Debug\WarpingStereoVideo.unsuccessfulbuild" wird gelöscht.
  Aktualisieren des Timestamps von "Debug\WarpingStereoVideo.lastbuildstate".
Die Erstellung des Projekts "C:\Users\MHI\Documents\Visual Studio 2010\Projects\WarpingStereoVideo\WarpingStereoVideo.vcxproj" ist abgeschlossen, build Ziel(e).

Das Erstellen war erfolgreich.

Verstrichene Zeit 00:00:37.73
